\BOOKMARK [0][-]{chapter.1}{\376\377\000\332\000v\000o\000d}{}% 1
\BOOKMARK [0][-]{chapter.2}{\376\377\000V\000\375\000v\000o\000j\000\040\000k\000l\000i\000e\000n\000t\000s\000k\000\375\000c\000h\000\040\000a\000p\000l\000i\000k\000\341\000c\000i\000i}{}% 2
\BOOKMARK [1][-]{section.2.1}{\376\377\000U\000s\000e\000r\000\040\000e\000x\000p\000e\000r\000i\000e\000n\000c\000e\000\040\000\050\000U\000X\000\051}{chapter.2}% 3
\BOOKMARK [2][-]{subsection.2.1.1}{\376\377\000P\000o\000r\000o\000z\000u\000m\000e\000n\000i\000e\000\040\000p\000o\000t\000r\000e\000b\000\341\000m\000\040\000u\001\176\000\355\000v\000a\000t\000e\001\076\000a}{section.2.1}% 4
\BOOKMARK [2][-]{subsection.2.1.2}{\376\377\000P\000r\000\355\000s\000t\000u\000p\000n\000o\000s\001\145\000\040\000\050\000A\000c\000c\000e\000s\000s\000i\000b\000i\000l\000i\000t\000y\000\051}{section.2.1}% 5
\BOOKMARK [1][-]{section.2.2}{\376\377\000H\000T\000M\000L}{chapter.2}% 6
\BOOKMARK [2][-]{subsection.2.2.1}{\376\377\000E\000l\000e\000m\000e\000n\000t\000y}{section.2.2}% 7
\BOOKMARK [1][-]{section.2.3}{\376\377\000C\000S\000S}{chapter.2}% 8
\BOOKMARK [1][-]{section.2.4}{\376\377\000J\000a\000v\000a\000S\000c\000r\000i\000p\000t}{chapter.2}% 9
\BOOKMARK [1][-]{section.2.5}{\376\377\000T\000y\000p\000e\000S\000c\000r\000i\000p\000t}{chapter.2}% 10
\BOOKMARK [1][-]{section.2.6}{\376\377\000R\000e\000a\000c\000t}{chapter.2}% 11
\BOOKMARK [2][-]{subsection.2.6.1}{\376\377\000J\000S\000X}{section.2.6}% 12
\BOOKMARK [2][-]{subsection.2.6.2}{\376\377\000K\000o\000m\000p\000o\000n\000e\000n\000t\000y}{section.2.6}% 13
\BOOKMARK [1][-]{section.2.7}{\376\377\000N\000e\000x\000t\000.\000j\000s}{chapter.2}% 14
\BOOKMARK [0][-]{chapter.3}{\376\377\000V\000\375\000v\000o\000j\000\040\000s\000e\000r\000v\000e\000r\000o\000v\000\375\000c\000h\000\040\000a\000p\000l\000i\000k\000\341\000c\000i\000i}{}% 15
\BOOKMARK [1][-]{section.3.1}{\376\377\000H\000T\000T\000P}{chapter.3}% 16
\BOOKMARK [2][-]{subsection.3.1.1}{\376\377\000T\000e\000r\000m\000i\000n\000o\000l\000\363\000g\000i\000a}{section.3.1}% 17
\BOOKMARK [2][-]{subsection.3.1.2}{\376\377\000M\000e\000t\000\363\000d\000y}{section.3.1}% 18
\BOOKMARK [1][-]{section.3.2}{\376\377\000N\000o\000d\000e\000.\000j\000s}{chapter.3}% 19
\BOOKMARK [2][-]{subsection.3.2.1}{\376\377\000N\000o\000d\000e\000\040\000P\000a\000c\000k\000a\000g\000e\000\040\000M\000a\000n\000a\000g\000e\000r\000\040\000-\000\040\000N\000P\000M}{section.3.2}% 20
\BOOKMARK [1][-]{section.3.3}{\376\377\000R\000e\000l\000a\001\015\000n\000\351\000\040\000d\000a\000t\000a\000b\000\341\000z\000y}{chapter.3}% 21
\BOOKMARK [2][-]{subsection.3.3.1}{\376\377\000P\000o\000s\000t\000g\000r\000e\000S\000Q\000L}{section.3.3}% 22
\BOOKMARK [2][-]{subsection.3.3.2}{\376\377\000P\000r\000i\000s\000m\000a}{section.3.3}% 23
\BOOKMARK [1][-]{section.3.4}{\376\377\000G\000r\000a\000p\000h\000Q\000L}{chapter.3}% 24
\BOOKMARK [2][-]{subsection.3.4.1}{\376\377\000A\000p\000o\000l\000l\000o\000\040\000C\000l\000i\000e\000n\000t}{section.3.4}% 25
\BOOKMARK [2][-]{subsection.3.4.2}{\376\377\000A\000p\000o\000l\000l\000o\000\040\000S\000e\000r\000v\000e\000r}{section.3.4}% 26
\BOOKMARK [1][-]{section.3.5}{\376\377\000S\000l\000a\000c\000k\000\040\000A\000P\000I}{chapter.3}% 27
\BOOKMARK [2][-]{subsection.3.5.1}{\376\377\000B\000l\000o\000c\000k\000\040\000K\000i\000t}{section.3.5}% 28
\BOOKMARK [0][-]{chapter.4}{\376\377\000H\000e\000a\000d\000l\000e\000s\000s\000\040\000C\000M\000S}{}% 29
\BOOKMARK [1][-]{section.4.1}{\376\377\000S\000t\000r\000a\000p\000i}{chapter.4}% 30
\BOOKMARK [1][-]{section.4.2}{\376\377\000N\000e\000t\000l\000i\000f\000y\000\040\000C\000M\000S}{chapter.4}% 31
\BOOKMARK [0][-]{chapter.5}{\376\377\000N\000\341\000v\000r\000h\000\040\000r\000i\000e\001\141\000e\000n\000i\000a}{}% 32
\BOOKMARK [1][-]{section.5.1}{\376\377\000Z\000a\000d\000a\000n\000i\000e\000\040\000p\000r\000\341\000c\000e}{chapter.5}% 33
\BOOKMARK [2][-]{subsection.5.1.1}{\376\377\000O\000d\000c\000h\000\375\000l\000k\000y\000\040\000n\000\341\000v\000r\000h\000u\000\040\000o\000d\000\040\000p\000\364\000v\000o\000d\000n\000\351\000h\000o\000\040\000z\000a\000d\000a\000n\000i\000a}{section.5.1}% 34
\BOOKMARK [1][-]{section.5.2}{\376\377\000N\000\341\000v\000r\000h\000\040\000a\000r\000c\000h\000i\000t\000e\000k\000t\000\372\000r\000y}{chapter.5}% 35
\BOOKMARK [1][-]{section.5.3}{\376\377\000D\000\341\000t\000o\000v\000\351\000\040\000t\000y\000p\000y}{chapter.5}% 36
\BOOKMARK [2][-]{subsection.5.3.1}{\376\377\000C\000o\000m\000p\000o\000n\000e\000n\000t}{section.5.3}% 37
\BOOKMARK [2][-]{subsection.5.3.2}{\376\377\000C\000o\000l\000l\000e\000c\000t\000i\000o\000n}{section.5.3}% 38
\BOOKMARK [1][-]{section.5.4}{\376\377\000D\000i\000a\000g\000r\000a\000m\000\040\000p\000r\000\355\000p\000a\000d\000o\000v\000\040\000p\000o\000u\001\176\000i\000t\000i\000a}{chapter.5}% 39
\BOOKMARK [2][-]{subsection.5.4.1}{\376\377\000V\000i\000e\000w\000e\000r}{section.5.4}% 40
\BOOKMARK [2][-]{subsection.5.4.2}{\376\377\000A\000u\000t\000h\000o\000r}{section.5.4}% 41
\BOOKMARK [2][-]{subsection.5.4.3}{\376\377\000E\000d\000i\000t\000o\000r}{section.5.4}% 42
\BOOKMARK [2][-]{subsection.5.4.4}{\376\377\000O\000w\000n\000e\000r}{section.5.4}% 43
\BOOKMARK [2][-]{subsection.5.4.5}{\376\377\000Z\000a\000r\000i\000a\000d\000e\000n\000i\000e}{section.5.4}% 44
\BOOKMARK [0][-]{chapter.6}{\376\377\000I\000m\000p\000l\000e\000m\000e\000n\000t\000\341\000c\000i\000a\000\040\000d\000a\000t\000a\000b\000\341\000z\000o\000v\000e\000j\000\040\000v\000r\000s\000t\000v\000y}{}% 45
\BOOKMARK [1][-]{section.6.1}{\376\377\000S\000c\000h\000\351\000m\000a}{chapter.6}% 46
\BOOKMARK [1][-]{section.6.2}{\376\377\000D\000\341\000t\000o\000v\000\351\000\040\000m\000o\000d\000e\000l\000y}{chapter.6}% 47
\BOOKMARK [2][-]{subsection.6.2.1}{\376\377\000M\000o\000d\000e\000l\000\040\000C\000o\000l\000l\000e\000c\000t\000i\000o\000n}{section.6.2}% 48
\BOOKMARK [2][-]{subsection.6.2.2}{\376\377\000M\000o\000d\000e\000l\000\040\000C\000o\000m\000p\000o\000n\000e\000n\000t}{section.6.2}% 49
\BOOKMARK [2][-]{subsection.6.2.3}{\376\377\000M\000o\000d\000e\000l\000\040\000U\000s\000e\000r}{section.6.2}% 50
\BOOKMARK [2][-]{subsection.6.2.4}{\376\377\000M\000o\000d\000e\000l\000\040\000T\000e\000a\000m}{section.6.2}% 51
\BOOKMARK [1][-]{section.6.3}{\376\377\000A\000u\000t\000o\000m\000a\000t\000i\000c\000k\000y\000\040\000g\000e\000n\000e\000r\000o\000v\000a\000n\000\375\000\040\000d\000a\000t\000a\000b\000\341\000z\000o\000v\000\375\000\040\000k\000l\000i\000e\000n\000t}{chapter.6}% 52
\BOOKMARK [0][-]{chapter.7}{\376\377\000I\000m\000p\000l\000e\000m\000e\000n\000t\000\341\000c\000i\000a\000\040\000w\000e\000b\000o\000v\000e\000j\000\040\000k\000o\000n\000z\000o\000l\000y}{}% 53
\BOOKMARK [1][-]{section.7.1}{\376\377\000P\000r\000i\000h\000l\000\341\000s\000e\000n\000i\000e}{chapter.7}% 54
\BOOKMARK [1][-]{section.7.2}{\376\377\000S\000p\000r\000\341\000v\000a\000\040\000k\000o\000l\000e\000k\000c\000i\000\355}{chapter.7}% 55
\BOOKMARK [2][-]{subsection.7.2.1}{\376\377\000V\000y\000t\000v\000o\000r\000e\000n\000i\000e\000\040\000a\000\040\000\372\000p\000r\000a\000v\000a\000\040\000k\000o\000l\000e\000k\000c\000i\000e}{section.7.2}% 56
\BOOKMARK [1][-]{section.7.3}{\376\377\000S\000p\000r\000\341\000v\000a\000\040\000k\000o\000m\000p\000o\000n\000e\000n\000t\000o\000v}{chapter.7}% 57
\BOOKMARK [2][-]{subsection.7.3.1}{\376\377\000V\000y\000t\000v\000o\000r\000e\000n\000i\000e\000\040\000a\000\040\000\372\000p\000r\000a\000v\000a\000\040\000k\000o\000m\000p\000o\000n\000e\000n\000t\000o\000v}{section.7.3}% 58
\BOOKMARK [1][-]{section.7.4}{\376\377\000Z\000m\000e\000n\000a\000\040\000r\000o\000l\000e\000\040\000u\001\176\000\355\000v\000a\000t\000e\001\076\000a}{chapter.7}% 59
\BOOKMARK [0][-]{chapter*.8}{\376\377\000L\000i\000t\000e\000r\000a\000t\000\372\000r\000a}{}% 60
